# JRE version: OpenJDK Runtime Environment (8.0) (build 1.8.0_232b09-201911100920-dcevm8u232b09)
# Java VM: Dynamic Code Evolution 64-Bit Server VM (25.232b09-bdcevm8u23209 mixed mode bsd-amd64 compressed oops)
Heap:
 def new generation   total 78720K, used 44665K [0x00000007a0000000, 0x00000007a5560000, 0x00000007aaaa0000)
  eden space 70016K,  53% used [0x00000007a0000000, 0x00000007a2458090, 0x00000007a4460000)
  from space 8704K,  85% used [0x00000007a4ce0000, 0x00000007a54263f8, 0x00000007a5560000)
  to   space 8704K,   0% used [0x00000007a4460000, 0x00000007a4460000, 0x00000007a4ce0000)
 tenured generation   total 174784K, used 9304K [0x00000007aaaa0000, 0x00000007b5550000, 0x00000007c0000000)
   the space 174784K,   5% used [0x00000007aaaa0000, 0x00000007ab3b61f8, 0x00000007ab3b6200, 0x00000007b5550000)
 Metaspace       used 32232K, capacity 32644K, committed 33152K, reserved 1077248K
  class space    used 4325K, capacity 4427K, committed 4480K, reserved 1048576K
GC Heap History (4 events):
Event: 2.954 GC heap before
{Heap before GC invocations=0 (full 0):
 def new generation   total 78656K, used 57397K [0x00000007a0000000, 0x00000007a5550000, 0x00000007aaaa0000)
  eden space 69952K,  82% used [0x00000007a0000000, 0x00000007a380d490, 0x00000007a4450000)
  from space 8704K,   0% used [0x00000007a4450000, 0x00000007a4450000, 0x00000007a4cd0000)
  to   space 8704K,   0% used [0x00000007a4cd0000, 0x00000007a4cd0000, 0x00000007a5550000)
 tenured generation   total 174784K, used 0K [0x00000007aaaa0000, 0x00000007b5550000, 0x00000007c0000000)
   the space 174784K,   0% used [0x00000007aaaa0000, 0x00000007aaaa0000, 0x00000007aaaa0200, 0x00000007b5550000)
 Metaspace       used 20627K, capacity 21048K, committed 21296K, reserved 1067008K
  class space    used 2788K, capacity 2933K, committed 2944K, reserved 1048576K
Event: 2.997 GC heap after
Heap after GC invocations=1 (full 1):
 def new generation   total 78720K, used 0K [0x00000007a0000000, 0x00000007a5560000, 0x00000007aaaa0000)
  eden space 70016K,   0% used [0x00000007a0000000, 0x00000007a0000000, 0x00000007a4460000)
  from space 8704K,   0% used [0x00000007a4460000, 0x00000007a4460000, 0x00000007a4ce0000)
  to   space 8704K,   0% used [0x00000007a4ce0000, 0x00000007a4ce0000, 0x00000007a5560000)
 tenured generation   total 174784K, used 9304K [0x00000007aaaa0000, 0x00000007b5550000, 0x00000007c0000000)
   the space 174784K,   5% used [0x00000007aaaa0000, 0x00000007ab3b61f8, 0x00000007ab3b6200, 0x00000007b5550000)
 Metaspace       used 20627K, capacity 21048K, committed 21296K, reserved 1067008K
  class space    used 2788K, capacity 2933K, committed 2944K, reserved 1048576K
}
Event: 3.967 GC heap before
{Heap before GC invocations=1 (full 1):
 def new generation   total 78720K, used 70016K [0x00000007a0000000, 0x00000007a5560000, 0x00000007aaaa0000)
  eden space 70016K, 100% used [0x00000007a0000000, 0x00000007a4460000, 0x00000007a4460000)
  from space 8704K,   0% used [0x00000007a4460000, 0x00000007a4460000, 0x00000007a4ce0000)
  to   space 8704K,   0% used [0x00000007a4ce0000, 0x00000007a4ce0000, 0x00000007a5560000)
 tenured generation   total 174784K, used 9304K [0x00000007aaaa0000, 0x00000007b5550000, 0x00000007c0000000)
   the space 174784K,   5% used [0x00000007aaaa0000, 0x00000007ab3b61f8, 0x00000007ab3b6200, 0x00000007b5550000)
 Metaspace       used 28495K, capacity 28994K, committed 29440K, reserved 1075200K
  class space    used 3846K, capacity 3978K, committed 4096K, reserved 1048576K
Event: 3.977 GC heap after
Heap after GC invocations=2 (full 1):
 def new generation   total 78720K, used 7448K [0x00000007a0000000, 0x00000007a5560000, 0x00000007aaaa0000)
  eden space 70016K,   0% used [0x00000007a0000000, 0x00000007a0000000, 0x00000007a4460000)
  from space 8704K,  85% used [0x00000007a4ce0000, 0x00000007a54263f8, 0x00000007a5560000)
  to   space 8704K,   0% used [0x00000007a4460000, 0x00000007a4460000, 0x00000007a4ce0000)
 tenured generation   total 174784K, used 9304K [0x00000007aaaa0000, 0x00000007b5550000, 0x00000007c0000000)
   the space 174784K,   5% used [0x00000007aaaa0000, 0x00000007ab3b61f8, 0x00000007ab3b6200, 0x00000007b5550000)
 Metaspace       used 28495K, capacity 28994K, committed 29440K, reserved 1075200K
  class space    used 3846K, capacity 3978K, committed 4096K, reserved 1048576K
}

